<?xml version="1.0" encoding="UTF-8"?>
<!-- Generated by org.testng.reporters.JUnitReportReporter -->
<testsuite skipped="0" hostname="Paul" name="testrunners.CandReg" tests="1" failures="0" timestamp="21 Oct 2022 13:34:12 GMT" time="49.549" errors="0">
  <testcase name="feature" time="49.549" classname="testrunners.CandReg"/>
</testsuite> <!-- testrunners.CandReg -->
